[debug] [2023-12-26T19:21:50.648Z] ----------------------------------------------------------------------
[debug] [2023-12-26T19:21:50.650Z] Command:       C:\Program Files\nodejs\node.exe C:\Users\Thaer\AppData\Roaming\npm\node_modules\firebase-tools\lib\bin\firebase.js deploy --only hosting:oracle-connectorzzz
[debug] [2023-12-26T19:21:50.651Z] CLI Version:   12.6.1
[debug] [2023-12-26T19:21:50.651Z] Platform:      win32
[debug] [2023-12-26T19:21:50.651Z] Node Version:  v18.13.0
[debug] [2023-12-26T19:21:50.651Z] Time:          Tue Dec 26 2023 20:21:50 GMT+0100 (Central European Standard Time)
[debug] [2023-12-26T19:21:50.651Z] ----------------------------------------------------------------------
[debug] 
[debug] [2023-12-26T19:21:50.655Z] >>> [apiv2][query] GET https://firebase-public.firebaseio.com/cli.json [none]
[debug] [2023-12-26T19:21:50.748Z] > command requires scopes: ["email","openid","https://www.googleapis.com/auth/cloudplatformprojects.readonly","https://www.googleapis.com/auth/firebase","https://www.googleapis.com/auth/cloud-platform"]
[debug] [2023-12-26T19:21:50.749Z] > authorizing via signed-in user (rebel.saidi.thaer@gmail.com)
[debug] [2023-12-26T19:21:50.749Z] [iam] checking project site-generator-ng for permissions ["firebase.projects.get","firebasehosting.sites.update"]
[debug] [2023-12-26T19:21:50.750Z] > refreshing access token with scopes: []
[debug] [2023-12-26T19:21:50.751Z] >>> [apiv2][query] POST https://www.googleapis.com/oauth2/v3/token [none]
[debug] [2023-12-26T19:21:50.751Z] >>> [apiv2][body] POST https://www.googleapis.com/oauth2/v3/token [omitted]
[debug] [2023-12-26T19:21:50.916Z] <<< [apiv2][status] POST https://www.googleapis.com/oauth2/v3/token 200
[debug] [2023-12-26T19:21:50.916Z] <<< [apiv2][body] POST https://www.googleapis.com/oauth2/v3/token [omitted]
[debug] [2023-12-26T19:21:50.928Z] >>> [apiv2][query] POST https://cloudresourcemanager.googleapis.com/v1/projects/site-generator-ng:testIamPermissions [none]
[debug] [2023-12-26T19:21:50.928Z] >>> [apiv2][(partial)header] POST https://cloudresourcemanager.googleapis.com/v1/projects/site-generator-ng:testIamPermissions x-goog-quota-user=projects/site-generator-ng
[debug] [2023-12-26T19:21:50.928Z] >>> [apiv2][body] POST https://cloudresourcemanager.googleapis.com/v1/projects/site-generator-ng:testIamPermissions {"permissions":["firebase.projects.get","firebasehosting.sites.update"]}
[debug] [2023-12-26T19:21:51.718Z] <<< [apiv2][status] POST https://cloudresourcemanager.googleapis.com/v1/projects/site-generator-ng:testIamPermissions 200
[debug] [2023-12-26T19:21:51.718Z] <<< [apiv2][body] POST https://cloudresourcemanager.googleapis.com/v1/projects/site-generator-ng:testIamPermissions {"permissions":["firebase.projects.get","firebasehosting.sites.update"]}
[debug] [2023-12-26T19:21:51.718Z] >>> [apiv2][query] GET https://firebase.googleapis.com/v1beta1/projects/site-generator-ng [none]
